 
****************************************
Report : area
Design : wallace_mult_8bit
Version: H-2013.03-SP3
Date   : Tue Mar 26 00:50:58 2024
****************************************

Library(s) Used:

    gscl45nm (File: /ECEnet/home/student/knarayanaswamy/8bit_multiplier/lib/FreePDK45/osu_soc/lib/files/gscl45nm.db)

Number of ports:                           32
Number of nets:                           285
Number of cells:                           71
Number of combinational cells:             64
Number of sequential cells:                 0
Number of macros/black boxes:               0
Number of buf/inv:                          0
Number of references:                       8

Combinational area:               1949.002852
Buf/Inv area:                      270.316795
Noncombinational area:               0.000000
Macro/Black Box area:                0.000000
Net Interconnect area:      undefined  (No wire load specified)

Total cell area:                  1949.002852
Total area:                 undefined
1
